<?xml version="1.0" encoding="UTF-8"?>
<!-- Generated by org.testng.reporters.JUnitReportReporter -->
<testsuite hostname="MAA2-5CG418037F" failures="0" tests="1" name="Forms.Form" time="6.571" errors="0" timestamp="2025-05-25T13:39:19 IST" skipped="0">
  <testcase classname="Forms.Form" name="formDriver" time="6.571"/>
  <system-out/>
</testsuite> <!-- Forms.Form -->
