<?xml version="1.0" encoding="UTF-8"?>
<!-- Generated by org.testng.reporters.JUnitReportReporter -->
<testsuite hostname="MAA2-5CG418037F" failures="0" tests="1" name="Demo.Frames.Frames" time="35.999" errors="0" timestamp="2025-06-14T12:38:38 IST" skipped="0">
  <testcase classname="Demo.Frames.Frames" name="mainFramesDriver" time="35.999"/>
  <system-out/>
</testsuite> <!-- Demo.Frames.Frames -->
